<?xml version="1.0" encoding="UTF-8"?>
<!-- Generated by org.testng.reporters.JUnitReportReporter -->
<testsuite hostname="DESKTOP-9E9MS69" failures="0" tests="1" name="eg.amazon.testcases.CartTest" time="22.476" errors="0" timestamp="2024-08-31T01:55:37 EEST" skipped="0">
  <testcase classname="eg.amazon.testcases.CartTest" name="VerifyThatItemsAreAddedToCartCorrectly" time="22.476"/>
</testsuite> <!-- eg.amazon.testcases.CartTest -->
